274
ClassroomProv4
c1198 c641 c740 c679 c874 c920 c184 c664 c1324 c4 c736 c956 c963 c121 c845 c701 c26 c212 c899 c587 c551 c675 c1383 c737 c1257 c107 c1285 c1105 c615 c1079 c1194 c1042 c425 c320 c517 c491 c1094 c955 c960 
TravelProv9
c1349 c1324 c26 c1446 c135 c799 c641 c1042 c708 c999 c1194 c204 c107 c461 c1262 c1285 c1198 c1094 c512 c44 
ChromecastZv5
c653 c1105 c1169 c670 c1170 c1349 c1198 c271 c121 c270 c26 c1079 c587 c1042 c204 c44 c608 c1205 c668 c512 c137 c144 c179 c664 c461 c0 c184 c1324 c736 c343 c320 c111 c963 c1094 c563 c920 c4 c960 c551 c955 c740 
FormsNextv5
c26 c1169 c955 c874 c852 c1198 c1205 c1324 c219 c121 c144 c1124 c1170 c107 c169 c491 c587 c1079 c963 c1163 c1042 c1194 c270 c83 c664 c461 c204 c736 c184 c343 c1094 c740 c653 c1446 c986 c1383 c12 c212 c1065 c185 c337 c398 c533 c0 c530 c1130 c1308 c551 c383 c1183 c1105 c531 c675 c701 c183 
SitesXv7
c184 c708 c1130 c55 c320 c963 c121 c26 c642 c1237 c1081 c920 c845 c1198 c587 c701 c491 c664 c107 c1193 c83 c1183 c1169 c1079 
ReleaseZv9
c608 c442 c615 c12 c1105 c527 c337 c1193 c963 c675 c193 c587 c956 c1198 c121 c834 c920 c270 c533 c1251 c641 c313 c26 c1079 c1042 c76 c184 c320 c1295 c664 c1049 c736 c899 c1094 c204 c1324 c740 c955 c512 c454 c1163 c799 c670 c642 c653 c1316 c1456 c55 c1446 
AndroidLitev9
c1285 c76 c1324 c679 c184 c1138 c907 c121 c587 c1198 c179 c955 c193 c4 c675 c1237 c26 c1079 c920 c1193 c512 c999 c1321 c1042 c461 c664 c1349 
LearnProv6
c1042 c740 c1193 c587 c0 c270 c1198 c4 c12 c1094 c533 c641 c121 c664 c1446 c527 c26 c184 c949 c551 c1079 c736 c850 c668 c512 c856 c1324 c76 c955 c1295 c1321 c461 c738 c615 c845 c653 c41 c986 c530 c368 c1237 c1130 c212 c55 c179 c44 c491 c1065 c271 c185 
SlidesZv6
c185 c587 c1399 c701 c1193 c963 c1198 c1124 c121 c1079 c26 c1042 c271 c664 c738 c184 c653 c1094 c740 c663 c1324 c736 c533 c1446 c615 c850 c4 c1170 c955 c986 c212 c530 c1105 c1065 c1130 c383 c517 c343 c1183 c874 c531 
PatentsLitev8
c111 c1321 c675 c1198 c184 c740 c531 c738 c1324 c587 c737 c461 c1130 c701 c563 c955 c1257 c664 c368 c44 c121 c499 c398 c708 c26 c1079 c179 c1042 c736 c1138 c193 c1094 c956 c653 c1446 c986 c55 c1456 c212 c530 c533 c663 c1065 c1049 c185 c642 c1237 c383 c1205 
MarsProv2
c4 c1446 c383 c1065 c679 c670 c337 c1198 c121 c1079 c1194 c847 c26 c615 c1316 c587 c41 c1262 c530 c527 c1042 c313 c664 c169 c663 c184 c1257 c1321 c736 c642 c1094 c899 c320 c955 
PhotoNextv6
c1285 c738 c144 c963 c1079 c212 c76 c26 c1198 c653 c454 c834 c1295 c675 c107 c1446 c1251 c1324 c121 c587 c1456 
MapsLitev1
c425 c1232 c1198 c949 c551 c76 c454 c1042 c1237 c1130 c184 c740 c121 c26 c1456 c587 c4 c834 c1205 c1079 c615 c179 c664 
FinanceLitev1
c26 c1042 c1456 c183 c135 c963 c740 c736 c1065 c587 c1079 c850 c1237 c845 c1198 c1105 c121 c664 c668 c960 c615 c184 c670 c1094 c1257 c1446 c1081 c1324 c955 c533 c215 c76 c653 c337 
LoggingProv9
c41 c899 c121 c1094 c1042 c740 c26 c491 c1198 c834 c587 c1079 c664 c270 c701 c955 c184 c425 c679 c4 c63 c874 c1081 c736 c907 c320 c44 c615 c1324 c663 c313 c653 c852 c343 c337 c642 c271 c1446 c708 c1157 c1285 c986 c137 c212 c55 c533 
NewsXv4
c44 c1169 c1198 c642 c1308 c454 c907 c675 c1094 c442 c999 c899 c533 c185 c491 c26 c955 c121 c212 c963 c664 c587 c1456 c1079 c270 c1042 c461 c4 c615 c1262 c845 c184 c736 c1324 c670 c740 c653 c1157 c1446 c183 
AndroidSv3
c270 c0 c1138 c1198 c320 c1193 c44 c641 c398 c121 c899 c1130 c587 c26 c1079 c1042 c664 c63 c670 c184 c999 c1295 c736 c1094 c179 c1324 c740 c271 c850 c955 c1065 c653 c551 c107 c1446 c986 c135 c738 c531 c4 c608 c212 c533 c530 c185 c313 c55 c343 
PhotoSv9
c121 c527 c442 c1198 c185 c26 c736 c1308 c587 c55 c1079 c845 c1042 c179 c963 c1321 c664 c212 c641 c184 c1094 c425 c670 c740 c986 c1324 c955 c738 c1237 c1169 c1081 c1295 c653 c1446 c956 c675 c533 c382 c1262 c530 c313 c1065 c1383 c215 c1130 c383 c343 c1124 c1183 c874 c531 c0 c1193 
CalendarProv8
c382 c956 c1205 c144 c737 c899 c949 c527 c533 c955 c1094 c26 c1081 c76 c1198 c512 c343 c1042 c641 c799 c834 
FlightsSv2
c204 c736 c1042 c1198 c708 c121 c530 c1262 c26 c955 c491 c4 c587 c1079 c664 c184 c1094 c44 c653 c920 c313 c1324 c956 c740 c1446 c986 c1399 c212 c1232 c271 c533 c1065 c1130 c185 c383 c343 c111 c76 c668 c856 c1124 c1183 c663 c874 c527 c642 c368 c899 
StorageUltrav2
c668 c664 c963 c1198 c1170 c1130 c313 c121 c26 c587 c1042 c107 c670 c1079 c184 c212 c920 c736 c1094 c1321 c1446 c1324 c740 c185 c44 c343 c955 c531 c653 c1193 c1285 c986 c533 c530 c641 c1065 c383 c1124 c193 c1183 
SkyXv9
c185 c675 c740 c874 c1198 c845 c121 c169 c26 c608 c425 c184 c1205 c1308 c1169 c1446 c587 c551 c920 c1079 c999 c956 c1042 c664 c183 c986 c1194 c955 c736 c1094 c41 c1232 c1130 c1324 c1163 c653 c212 c533 c530 c1065 c382 c383 c368 c44 c343 c1138 c491 c1124 c1183 c531 
VoiceNextv7
c531 c1237 c121 c169 c533 c1205 c1198 c563 c512 c26 c949 c874 c737 c1262 c1163 c850 c55 c587 c1079 c1042 c1193 c664 c184 c1194 c675 c1094 c736 c1324 c368 c740 c1065 c212 c955 c856 
MapsSv2
c41 c1170 c337 c587 c0 c1198 c26 c121 c398 c1079 c1042 c144 c955 c664 c271 c1049 c169 c184 c736 c1094 c1324 c491 c425 c1138 c738 c740 c708 c1130 c653 c1446 c615 c1262 c1237 c986 c212 
OsZv8
c955 c1198 c664 c956 c1308 c1446 c740 c1324 c670 c121 c999 c1257 c270 c1049 c26 c1321 c587 c533 c442 c1079 c1042 c963 c398 c184 c736 c1094 c856 c679 c907 c653 c368 c986 c212 c530 c1065 c44 c1130 c1232 c185 c383 c343 c1124 c1316 c271 c675 c1183 c874 c531 c320 c55 c0 c1193 c1251 c899 c491 c847 
DriveNextv5
c0 c740 c708 c1232 c4 c587 c1198 c1094 c986 c121 c26 c956 c960 c1079 c955 c799 c1042 c679 c664 c184 c675 c212 c736 c899 c1446 c1324 c874 c1157 c551 c653 c215 c183 c179 c454 
ChromeOSMaxv2
c1324 c530 c382 c1383 c1198 c587 c1138 c121 c664 c26 c1079 c1193 c1042 c740 c184 c736 c1094 c955 c653 c963 c1446 c899 c1316 c179 c491 c708 c0 c986 c270 c212 c183 c533 
YouTubeXv1
c1079 c512 c701 c184 c499 c1257 c1198 c907 c608 c1321 c337 c642 c675 c121 c1324 c26 c587 c1042 c368 c664 c736 c1094 c1295 c740 c955 c949 c653 c531 c845 c1446 c986 c144 c212 c461 c834 c533 c1237 c111 c313 c183 
PatentsProv3
c738 c587 c184 c1198 c313 c1324 c491 c856 c121 c533 c26 c1383 c517 c608 c1079 c1316 c920 c1042 c531 c270 c664 c736 c1257 c76 c382 c1170 c1094 c740 c955 c653 c1446 c986 c212 c169 c850 c1237 c1157 c847 
FuchsiaZv7
c1079 c563 c641 c1198 c533 c1295 c26 c587 c121 c679 c847 c608 c491 c137 c313 c1042 c1262 c1232 c0 c179 c664 c1456 c184 c736 c1094 c653 c461 c1324 c642 c1193 c740 c955 c1446 c670 c1285 c986 c1163 c271 c212 c530 c834 c1065 c454 c4 c1130 c185 c383 c343 c907 c1170 c1124 c183 c1183 c874 c76 c12 c531 
SkyNextv7
c1198 c1042 c530 c587 c183 c920 c313 c270 c736 c121 c26 c271 c76 c1079 c664 c1163 c184 c679 c963 c533 c169 c845 c491 c368 c1094 c1262 c4 c1049 c1324 c382 c425 c740 c955 c1193 c12 c1237 c653 c1446 c1130 c986 c461 
DuoMaxv4
c1237 c442 c137 c1042 c1198 c955 c653 c736 c121 c1130 c26 c1138 c587 c679 c663 c1079 c1316 c512 c799 c664 c1456 c184 c834 c1094 c1324 c1163 c55 c899 c271 c740 c1446 c986 c212 c425 c533 c530 c1065 c642 c185 c383 
TranslateProv2
c425 c271 c708 c1251 c184 c1042 c1198 c642 c736 c63 c664 c121 c26 c587 c491 c1079 c850 c499 c1094 c1324 c1065 c740 c955 c1237 c398 c653 c1446 c55 c986 c212 c533 c1257 c530 c1130 c1232 c185 c383 c343 c512 
PatentsZv3
c26 c642 c1198 c461 c736 c1163 c121 c587 c193 c1456 c845 c955 c1079 c137 c670 c1042 c1094 c1065 c664 c1295 c184 c1130 c1324 c530 c740 c608 c653 c1446 c986 c679 c212 c533 c185 c76 c383 c343 c1124 c1183 c663 c183 c382 c874 c920 c847 
ChromeLitev7
c1198 c986 c663 c26 c955 c641 c121 c1138 c587 c664 c1324 c1079 c1042 c530 c204 c499 c184 c736 c1094 c0 c740 c1163 c653 c642 c1446 c212 c533 c1194 c1065 c76 c215 c461 c512 c608 c1130 c185 c383 c1295 c343 c1124 c1183 c1285 c320 c12 c337 c1456 c874 c531 c675 c1193 c1251 c491 c83 c551 c856 
CalendarMaxv7
c664 c1324 c44 c986 c1198 c587 c121 c26 c12 c1079 c1042 c184 c736 c1237 c663 c1194 c1094 c955 c1193 c899 c183 c740 c499 c653 c1446 c1157 c551 
DatasetSearchZv7
c1042 c137 c615 c1198 c1285 c204 c845 c740 c587 c530 c1094 c963 c986 c121 c26 c184 c1079 c270 c44 c664 c398 c899 c736 c12 c949 c1138 c907 c1324 c1456 c955 c675 c491 c653 c738 c1130 c215 c1446 c1193 c212 c533 c1065 c1232 c185 c383 c343 c1124 c670 c1183 
GlassOSZv7
c960 c26 c1138 c663 c121 c1198 c587 c740 c551 c1079 c533 c1094 c642 c738 c1042 c664 c845 c184 c499 c641 c530 c183 c736 c1324 c955 c653 c1446 c169 c179 c986 
SlidesMaxv8
c1194 c1170 c26 c1198 c668 c144 c1042 c121 c847 c907 c587 c641 c1079 c0 c320 c664 c169 c337 c1237 c1316 c1193 c670 c184 c986 c1383 c215 c736 c1163 c1094 c44 c1324 c740 c920 c955 c212 c653 c1130 c442 c1446 c533 c137 c856 c530 
GroupsUltrav2
c1232 c955 c26 c1198 c1079 c1324 c121 c670 c874 c1237 c563 c1446 c169 c587 c799 c1321 c1170 c1042 c461 c664 
ResearchLitev3
c1198 c26 c121 c530 c587 c1079 c1042 c664 c736 c179 c663 c1157 c615 c184 c1094 c1324 c169 c708 c740 c955 c653 c642 c1446 c986 c551 c212 c533 c1065 c1262 c874 c1316 c1170 c512 c1295 c738 c1130 
ImagesZv5
c1079 c4 c1237 c1198 c179 c1193 c121 c799 c491 c26 c1094 c551 c587 c642 c736 c738 c1042 c512 c664 c184 c1324 c740 c533 c169 c955 c653 c1194 c1081 c204 c1446 c986 c137 c212 c383 c663 c530 c425 c55 c1257 c1049 c1065 c1130 c368 c1262 c185 c343 c1124 c1183 c999 c856 c874 c960 c834 c531 c0 
FlightsNextv3
c663 c1198 c1193 c121 c517 c587 c26 c1079 c1042 c270 c907 c736 c664 c212 c184 c799 c1094 c1324 c1262 c740 c874 c955 c653 c1446 c986 c533 c530 c738 c641 c1065 c1130 c320 c185 c1237 c383 c343 c1170 c834 c1124 c845 c271 c0 c949 c63 c204 c12 c1183 c531 c675 c1251 c55 c491 c442 
GameSv2
c1163 c1198 c454 c1157 c1138 c121 c1081 c26 c587 c1079 c55 c1251 c1194 c343 c664 c383 c1042 c212 c184 c736 c1094 c563 c1324 c899 c920 c442 c653 c740 c1316 c955 c1237 c834 c1446 c847 
DuoZv7
c512 c1198 c121 c1446 c26 c587 c1079 c1042 c664 c615 c1324 c1383 c55 c834 c184 c1251 c1194 c212 c1157 c663 c736 c668 c517 c193 c1232 c1094 c960 c740 c955 c425 c653 
PhotoLitev1
c204 c1198 c642 c121 c26 c907 c587 c1079 c1042 c664 c740 c184 c398 c920 c736 c1094 c1138 c1324 c955 c653 c1446 
ChromeUltrav3
c121 c551 c963 c184 c736 c1198 c920 c26 c343 c956 c587 c442 c215 c986 c1079 c1042 c664 c1094 c1324 c1237 c55 
FormsNextv1
c26 c738 c1198 c183 c454 c121 c1316 c12 c641 c320 c587 c956 c1042 c1079 c664 c736 c184 c708 c1081 c1065 c1094 c1324 
DaydreamUltrav1
c1295 c184 c1456 c111 c1198 c179 c1079 c121 c1251 c26 c343 c1321 c799 c1094 c642 c587 c1042 c183 c663 c1383 c491 c383 c664 c1163 c736 c920 c679 c461 c499 c1324 c425 c368 c740 c615 c955 c653 c551 c1316 c1446 c847 c986 c212 c271 c533 c313 
DatabaseUltrav7
c587 c184 c111 c193 c1198 c1324 c740 c1456 c799 c1295 c121 c26 c204 c956 c608 c1079 c1042 c383 c664 c736 c1094 c955 c653 c1446 c986 c4 c212 c668 c533 c337 c530 c1065 c1081 c642 c1316 c845 c920 c442 c1130 c185 c551 c1251 c343 c1124 c874 c1183 c531 c0 c1262 c675 c1193 c491 c83 c1383 c1205 c144 
AssistantSv6
c587 c1130 c425 c1198 c738 c1237 c121 c850 c530 c1094 c26 c1079 c215 c1324 c608 c184 c1042 c664 c663 c641 c736 c1065 c499 c874 c963 c740 c955 c949 c653 c642 c1446 c343 c986 c212 c1193 c398 c512 c533 c63 c185 c1124 c1163 c383 c828 c1183 
LoggingUltrav4
c1198 c1170 c675 c121 c1130 c956 c26 c986 c587 c1079 c1456 c184 c461 c337 c442 c736 c1042 c107 c664 c737 c1094 c653 c1324 c740 c955 c271 c320 c1169 c949 c212 c111 c533 c499 c1446 c137 c845 c1237 c1065 c899 
MapsUltrav8
c1065 c1198 c193 c1157 c533 c708 c44 c1251 c1324 c1130 c856 c121 c740 c271 c1079 c184 c382 c26 c874 c491 c642 c1193 c587 c1295 c517 c1042 c1163 c343 c664 c4 c1094 c834 c653 c512 c899 c368 c736 c845 c986 c212 c383 c270 c1170 c955 c0 c12 c1124 c1205 c1446 c185 c530 c527 c107 c563 
ExploreZv2
c1194 c642 c183 c111 c271 c1198 c664 c999 c121 c608 c663 c740 c587 c1456 c1193 c44 c653 c1383 c26 c442 c1042 c1079 c215 c184 c1316 c1065 c1324 c1295 c736 c955 c212 c1094 c1446 c185 c986 c533 c343 c368 c454 c563 c425 c1183 c530 c193 c668 c83 c1130 c531 c856 c1251 c12 c1237 c383 c1205 c529 c1157 c1124 
ImagesSv4
c1198 c1232 c26 c121 c454 c1324 c587 c850 c55 c1079 c1251 c664 c955 c107 c1042 c533 c184 c736 c1094 c740 c920 c653 c63 c1170 c737 c1130 c1321 c1446 c1065 c551 c337 c185 c986 c212 c499 c530 c383 c343 c1124 c874 c999 c368 c1183 c1157 c708 c956 c4 c531 c0 c1399 c608 c847 c1138 
AlertsZv3
c1198 c121 c26 c184 c76 c1130 c1079 c320 c587 c1193 c1042 c530 c736 c664 c740 c1094 c4 c834 c955 c1232 c55 c1324 
SitesUltrav3
c587 c1198 c1042 c1094 c41 c271 c1079 c121 c26 c1316 c0 c1237 c664 c1324 c184 c641 c398 c63 c736 c530 c1262 c740 c955 c653 c1446 c212 c856 c986 c1130 c12 c1205 c55 c533 c343 c1065 c1105 c185 c1251 c383 c642 c1124 c169 c1295 c1194 c183 c1183 c874 
PhotoZv5
c653 c26 c271 c63 c1198 c1237 c1079 c461 c425 c587 c1316 c1042 c663 c184 c1251 c530 c337 c1383 c121 c641 c664 c1446 c736 c920 c1094 c1205 c847 c668 c1163 c679 
PixelMaxv2
c1198 c986 c26 c533 c1262 c663 c121 c845 c1257 c425 c615 c653 c736 c398 c641 c675 c1324 c738 c337 c179 c1079 c587 c461 c664 c313 c1094 c454 c1042 c184 c949 c1183 c1130 c320 c1170 c442 c212 c1383 c183 c270 c1295 c740 c271 c169 
AndroidAutoUltrav1
c26 c383 c1079 c986 c1198 c121 c587 c270 c642 c845 c1042 c850 c664 c963 c517 c1094 c1383 c668 c184 c55 c204 c1324 c670 c736 c530 c653 c313 c1295 c1446 c740 c955 c212 c551 c533 c1065 c1257 c1237 
ChromecastSv2
c4 c26 c1198 c563 c587 c121 c845 c920 c1094 c653 c442 c44 c1079 c740 c320 c963 c0 c1042 c184 c1324 c668 c956 c137 c664 c736 c874 c533 c955 c1257 c491 c144 c1124 c179 c675 c454 c183 c738 c1446 c215 c1065 c986 c212 c1163 c530 c1130 c185 c531 c383 c343 c999 c337 
CurrentsXv5
c530 c668 c1198 c1321 c12 c121 c587 c736 c608 c1042 c1079 c512 c26 c517 c1251 c184 c847 c1456 c461 c664 c1094 c955 c204 c1170 c185 c1446 c491 c1324 c270 c653 c740 c1124 c1183 c920 c874 
ShoppingUltrav8
c986 c1257 c1446 c587 c169 c653 c55 c121 c1198 c517 c499 c442 c1042 c26 c1079 c337 c664 c1237 c1130 c856 c184 c368 c1251 c1157 c736 c1094 
LoggingUltrav9
c1042 c313 c169 c1198 c121 c664 c847 c1049 c454 c26 c425 c653 c383 c955 c1079 c587 c615 c1237 c1094 c1257 
ShoppingUltrav6
c664 c587 c121 c1198 c26 c1094 c533 c1316 c737 c1079 c736 c491 c454 c1042 c850 c653 c184 c1324 c847 c740 c955 c383 c1446 c1065 c963 c799 c986 c670 c212 c530 c1130 c1257 c185 c137 c1170 c1237 c1183 c343 c499 c1124 c907 c874 c531 c0 c517 
StreamUltrav2
c1198 c121 c1094 c382 c1194 c587 c26 c963 c0 c1237 c664 c834 c847 c215 c270 c1079 c320 c653 c736 c1042 c184 c1324 c608 c907 c740 c454 c986 c920 c955 c337 c1456 c1446 c135 c1169 c1257 c799 c368 c212 c533 c530 c1065 c383 c1130 c185 c343 c1124 
MapsZv4
c1232 c663 c1198 c986 c907 c1042 c949 c121 c320 c587 c1456 c26 c1324 c738 c1079 c137 c664 c184 c955 c1065 c1157 c736 c675 c1194 c512 c1094 c530 c1281 c1446 c653 c383 c1257 c642 c740 c343 c425 c212 c533 c845 
CurrentsLitev2
c1198 c587 c121 c184 c1295 c1124 c955 c26 c736 c1446 c1130 c1324 c641 c383 c1079 c907 c1042 c664 c1094 c963 c740 c454 c653 c1170 c956 c675 c55 c185 c1193 c271 c986 c834 c179 c212 c615 c76 
FinanceProv4
c1198 c313 c121 c1042 c740 c834 c26 c425 c215 c1079 c1324 c664 c847 c1094 c738 c454 c587 c1124 c184 c551 c663 c736 
MoonMaxv6
c1079 c1198 c121 c1065 c679 c1042 c1324 c999 c907 c955 c26 c270 c737 c1170 c1130 c664 c587 c1316 c1094 c847 c653 c956 c63 c736 c1049 c615 c184 c1163 c899 c740 c856 c561 c0 
DreamXv8
c121 c679 c1262 c1198 c63 c26 c454 c740 c587 c111 c1079 c179 c664 c530 c1042 c653 c184 c1324 c1157 c736 c1094 c1316 c425 c920 c845 c955 c1065 c169 c986 c1124 c1446 c212 c533 c313 c1081 c1130 c185 c1251 c531 c799 c383 c1383 c343 c0 c1193 c670 c847 c1183 c675 c874 
WearOSProv5
c663 c1079 c215 c668 c664 c1198 c121 c517 c615 c1042 c184 c1446 c956 c26 c461 c1193 c1157 c337 c1163 c955 c587 c1324 c679 
ChatZv9
c368 c0 c664 c1198 c121 c1257 c1042 c1251 c1079 c1065 c799 c663 c736 c183 c179 c641 c26 c204 c587 c1094 c184 c999 c442 c740 c1324 c398 c899 c653 c955 c642 c313 c1446 c512 c1456 c986 c874 c1193 c212 c533 
ChatLitev7
c1198 c121 c736 c26 c608 c899 c587 c1324 c0 c1042 c845 c204 c1079 c664 c738 c184 c1094 c653 c955 c320 c740 c1232 c1446 c512 c986 c1130 c212 c530 c343 c533 c1295 c1065 c1321 c1183 c920 c642 c185 c551 c799 c1124 c491 c383 c697 c425 c83 c382 c55 c195 c1456 c1470 c874 
GroupsProv1
c736 c26 c1094 c847 c949 c368 c1198 c442 c1251 c1324 c121 c313 c530 c587 c183 c986 c653 c956 c1065 c1321 c533 c1138 c1193 c1079 c899 c215 c1042 c608 c4 c44 c740 c664 c184 c1316 c907 c955 
SecureLitev1
c1198 c121 c1079 c179 c382 c26 c1138 c587 c184 c737 c1124 c1042 c847 c664 c736 c1094 c144 c999 c1324 c1194 
CastOSSv8
c63 c26 c425 c1198 c1232 c530 c121 c1251 c55 c382 c587 c491 c184 c169 c1079 c955 c533 c1042 c847 c664 
SitesProv2
c986 c121 c1198 c144 c26 c740 c670 c874 c1193 c320 c587 c1094 c1079 c1130 c1042 c184 c425 c664 c736 c382 c563 c517 c653 c442 c337 c1324 c955 c212 c1446 c737 c183 
ShoppingNextv6
c26 c1198 c212 c679 c641 c530 c204 c121 c587 c1079 c1042 c847 c1049 c664 c963 c949 c184 c1124 c642 c425 c1130 c736 c41 c0 c1251 
FinanceNextv3
c587 c1198 c26 c1079 c664 c121 c1049 c615 c563 c1042 c1237 c184 c382 c491 c736 c1251 c653 c1094 c1324 c0 c1446 c740 c834 c533 c737 c111 c955 c55 c499 c986 c212 c183 c530 c1130 c1065 c185 c1194 c343 c531 c1129 c383 c41 c1183 c1124 c874 
DataSv1
c1198 c641 c668 c337 c708 c121 c26 c737 c1170 c986 c1157 c850 c587 c907 c1194 c736 c1079 c1065 c963 c1049 c1316 c1042 c1324 c740 c137 c664 c382 c107 c461 c1262 c184 c663 c1094 c955 c845 c320 c653 c185 c563 c1446 c1191 c442 c512 c270 c204 
DataUltrav8
c664 c121 c1232 c563 c1194 c845 c1198 c26 c1130 c184 c517 c530 c587 c920 c850 c1042 c740 c1079 c1257 c949 c736 c653 c1094 c212 c1324 c668 c111 c955 c799 c1262 
SecureProv9
c121 c107 c1198 c26 c184 c0 c587 c530 c12 c137 c1049 c664 c1094 c899 c1042 c1324 c169 c1079 c368 c736 c185 
StreetViewZv4
c55 c845 c1094 c184 c664 c1198 c530 c121 c398 c740 c26 c736 c587 c144 c179 c320 c1079 c955 c533 c675 c337 c1042 c1130 c1129 c999 c907 c986 c1065 c653 c1446 c874 c1324 c212 
BooksLitev3
c1130 c398 c1042 c184 c121 c442 c1198 c1094 c1232 c26 c587 c1193 c1079 c179 c664 c1324 c1237 c955 c736 c1157 c740 c653 c1383 c1169 c533 c615 c1316 c1446 c193 c1183 c41 c874 c1163 c185 c1124 c0 c986 c270 c551 c212 c530 c1205 c1170 c383 c642 c144 
GmailZv1
c668 c1094 c1157 c1198 c121 c799 c26 c1042 c184 c587 c664 c907 c1079 c856 c740 c675 c653 c845 c383 c1065 c736 c1324 
FinanceSv2
c587 c454 c1198 c26 c664 c121 c212 c270 c1079 c137 c1042 c320 c383 c653 c708 c184 c425 c736 c1193 c193 c530 c215 c382 c313 c1124 c0 c847 c737 c1237 c1094 c1065 c169 c1324 c533 c740 c531 c955 c1262 c642 c799 c44 
VideoProv1
c184 c1079 c642 c63 c215 c1198 c1042 c121 c26 c461 c1138 c587 c664 c1324 c1094 c740 c736 c955 c670 c653 c1446 c212 c185 c986 c107 c1130 c1237 c55 c899 c1157 
DriveMaxv5
c12 c1079 c587 c653 c642 c551 c1198 c121 c137 c26 c1130 c517 c1094 c1042 c740 c184 c615 c664 c736 c1324 c955 c1446 c212 c1183 
ChromeZv2
c121 c999 c587 c204 c1079 c608 c1198 c899 c26 c1446 c184 c1042 c664 c736 c0 c740 c956 c179 c1094 c215 c1324 c955 c847 c653 c986 c212 c530 c641 c1124 c383 c1065 c533 c442 c144 c1130 c675 c169 c1349 c185 c1295 c343 c1183 c1237 c874 c531 c1193 c1138 c1251 c1083 c920 c491 
PhotoProv2
c169 c1198 c121 c26 c1081 c615 c799 c1079 c642 c144 c587 c1042 c1324 c664 c736 c184 c670 c1446 c955 c512 c679 c1094 c44 c653 c1193 c740 c425 c986 c185 
OsProv6
c1232 c664 c121 c587 c1079 c1198 c530 c26 c1042 c1446 c204 c1130 c963 c1383 c382 c641 c1094 c184 c337 c1321 c736 c668 c738 c1324 c512 c461 c847 c107 c169 c986 c533 c193 c1251 c949 c55 c737 c1183 c270 c675 c850 c856 c1281 c563 c740 c320 c834 c215 c1194 c955 c653 c212 c1065 c185 c368 c383 c219 c642 
DreamUltrav9
c55 c1198 c425 c899 c587 c1079 c26 c1257 c615 c121 c653 c1042 c337 c1157 c530 c1262 c664 c184 c736 c1094 
VideoUltrav2
c26 c1321 c1193 c587 c382 c121 c1198 c111 c184 c955 c1079 c1170 c55 c1042 c517 c664 c193 c1446 c736 c1094 c169 c1324 c512 c1157 c845 c653 c551 c740 c1065 c986 c212 c663 c1124 c533 c398 c454 c1130 c530 c1129 c185 c708 c1237 c383 c343 c1183 c1251 c670 c1232 c755 c675 c527 c1138 
FlightsProv7
c183 c1193 c1042 c986 c1081 c1079 c1198 c26 c121 c587 c320 c0 c653 c664 c41 c184 c736 c1446 c1094 c955 c1324 c1124 c204 c740 c907 c212 c697 c44 c1237 c847 c531 c533 c530 
FlightsXv2
c956 c587 c1198 c121 c1324 c26 c530 c1042 c454 c653 c1079 c664 c184 c382 c736 c955 c1094 c740 c641 c847 c1316 c1193 c1163 c1446 c111 c442 c12 c1321 c1183 c986 c212 c499 c512 c533 c1105 c1065 c425 c1124 c343 c1130 c1205 c1456 c185 c491 c383 c874 c1308 c1170 c1169 c608 c0 c1257 c531 c850 c675 c1251 c83 
OsXv9
c1042 c653 c169 c1198 c736 c121 c491 c1295 c137 c1157 c1079 c679 c737 c1094 c12 c26 c55 c184 c587 c955 c44 c664 c1324 c1169 c1170 c740 c1446 c212 c874 c530 c1183 c899 c850 c533 c986 c847 c1065 c1130 c343 c215 c1388 
KeepLitev6
c642 c183 c533 c999 c1198 c121 c1456 c461 c799 c1157 c1130 c587 c63 c1138 c26 c956 c491 c1081 c1079 c499 c1042 c740 c664 c184 c517 c1383 c1094 c736 c1324 c955 c653 c1446 c986 c212 
FlightsUltrav5
c664 c737 c1198 c121 c383 c587 c26 c337 c955 c670 c899 c1042 c847 c1079 c736 c1257 c184 c675 c1194 c270 c313 c642 c1446 c834 c740 c999 c1094 c663 c375 c1324 c530 c986 c169 c1183 c12 c382 c499 
AndroidTVMaxv4
c184 c26 c587 c121 c1198 c1130 c1079 c738 c1042 c736 c615 c383 c664 c1324 c530 c343 c179 c740 c999 c955 c313 c212 c1094 c847 c986 c270 c653 c1446 c533 c1065 c874 c850 c956 c1183 c0 c185 c1124 c641 c563 c834 c144 c701 c755 c531 c675 c169 c1257 c517 c1193 c899 c1321 c1316 c44 c1251 c137 c48 c219 c12 c204 
ScholarXv7
c137 c121 c1193 c874 c1446 c179 c184 c1198 c1079 c1194 c847 c26 c949 c587 c270 c1042 c1049 c986 c736 c1083 c1324 c955 c367 c1169 c1130 c1094 c530 c185 c1157 c383 c215 c398 
GameZv2
c121 c1198 c738 c1042 c1163 c847 c587 c1324 c26 c850 c1170 c63 c664 c653 c641 c736 c107 c1321 c343 c461 c1349 c1094 c193 c383 c955 c212 
ReleaseMaxv8
c1198 c664 c121 c1251 c1193 c956 c736 c587 c26 c179 c1042 c986 c184 c1183 c907 c533 c1094 c137 c425 c491 c383 c955 c193 c653 c551 c850 
AndroidSv7
c653 c1198 c533 c1079 c55 c850 c1349 c664 c1042 c1251 c587 c193 c1321 c382 c949 c26 c1324 c121 c184 c1446 c736 c920 c986 c1094 c44 
CastOSXv2
c121 c587 c736 c1198 c1446 c383 c670 c1237 c1042 c44 c1079 c320 c271 c986 c26 c1316 c1094 c955 c368 c184 c679 c1324 
ChromeSv2
c587 c183 c512 c121 c740 c530 c1316 c1198 c736 c461 c26 c1042 c1079 c184 c664 c491 c1324 c1446 c955 c179 c653 c337 c675 c383 c41 c551 c986 c533 c1257 c1094 c185 c641 c1349 c1262 c1130 c0 c1193 c527 c679 c1281 c212 c563 c1295 c1065 c1124 c1081 c668 c1183 c499 c367 c834 c368 
BooksXv3
c1042 c1316 c193 c1232 c740 c184 c1198 c587 c533 c955 c999 c1193 c736 c1383 c956 c215 c121 c1456 c664 c1079 
FormsProv2
c1042 c1183 c0 c1079 c121 c1130 c398 c1198 c587 c184 c1194 c664 c736 c26 c799 c271 c4 c1094 c383 c955 c675 c653 
StreamXv2
c1065 c1198 c137 c653 c26 c121 c398 c337 c530 c1251 c1383 c320 c1094 c1295 c1193 c111 c184 c587 c1321 c664 c1170 c425 c737 c708 c55 c533 c313 c1042 c663 c1079 c212 c185 c183 c955 c986 c1324 c956 c740 c63 c1124 c1194 c736 c1183 c1138 c563 c12 c1157 c1446 c1456 c697 c1237 c701 c1470 c343 c493 c169 c641 c383 c920 
StreamZv6
c587 c999 c1198 c740 c26 c1383 c270 c1079 c1324 c679 c215 c121 c664 c1094 c1321 c955 c1042 c184 c850 c653 c144 c736 c856 c1446 c907 c491 c1183 c320 c530 c212 c137 c383 c675 c708 c1065 c986 c1194 c533 c1169 c1262 c193 c800 c1295 c1130 c343 c461 c12 c185 c1316 c1205 c531 c95 c382 c1257 
ConnectNextv4
c907 c641 c587 c1198 c530 c1079 c184 c193 c1049 c63 c1042 c1094 c1324 c517 c121 c999 c664 c736 c1446 c1383 c26 c1205 c740 c986 c1124 c533 c383 c899 c313 c1193 c563 c955 c1083 c212 c531 c1157 c44 c368 c1138 c1065 
DrawingsLitev8
c1079 c26 c270 c1198 c1042 c1094 c664 c533 c1049 c1194 c834 c675 c955 c183 c587 c383 c425 c737 c215 c615 c1257 c184 c1324 c204 c121 c986 c144 c736 c1251 c454 c608 c740 c212 c653 c45 c1446 c1130 c1262 c1065 c701 c1105 c442 c271 c1124 c856 c1295 c1316 c368 c812 c999 c41 c551 c530 c1169 
TranslateNextv9
c533 c920 c1042 c1198 c121 c184 c382 c587 c26 c736 c641 c4 c271 c212 c1079 c664 c799 c670 c1049 c955 c874 c1094 c179 c169 c193 c845 c740 c1324 c986 
BloggerNextv6
c1198 c337 c1295 c664 c608 c26 c1042 c137 c740 c121 c184 c1079 c949 c653 c320 c1094 c963 c986 c76 c212 c587 c1193 c874 c1324 c675 c425 c533 c955 c499 c454 c1446 
ArtsZv2
c679 c121 c1079 c44 c137 c184 c1042 c26 c641 c193 c1198 c664 c999 c653 c737 c530 c499 c736 c1237 c615 c845 c675 c1262 c955 c587 c212 c185 c1193 c517 c0 c215 c986 c533 c799 c1324 c1130 c1065 c337 c1094 c701 c1446 c563 c320 c135 c1316 c834 c271 c111 c1285 c512 c383 c1049 c1295 c551 c1308 c48 c425 c518 
DatasetSearchNextv3
c184 c850 c41 c664 c587 c121 c1124 c1079 c1198 c1042 c1094 c1262 c899 c1324 c1065 c26 c63 c653 c212 c44 c530 c1183 c383 c1237 c949 c679 c425 c1130 c1321 c193 c45 c963 c955 c185 c271 
NewsZv2
c337 c1049 c1094 c533 c1321 c736 c1257 c1042 c955 c26 c856 c193 c183 c121 c1198 c664 c184 c1079 c1383 c1130 c12 c653 c1446 c587 c1324 c874 c738 c986 c799 c212 c1193 c740 
PatentsLitev7
c26 c184 c1198 c587 c664 c850 c551 c179 c615 c121 c1130 c271 c736 c670 c1079 c533 c653 c55 c1324 c986 c1399 c461 c740 c1042 c1193 c1094 c383 c1049 c185 c1065 c531 c212 c442 c949 c955 c963 c800 c530 c1169 c1446 c1124 c663 c675 c1383 c12 c343 c874 c0 
NewsZv4
c1183 c834 c337 c737 c1198 c986 c1138 c664 c675 c499 c121 c899 c26 c736 c63 c271 c1079 c1042 c0 c185 c955 c491 c1094 c587 c1383 c425 c1193 c1237 c653 c563 c740 c920 c204 c184 c212 c1065 c1324 c530 c1130 c382 c383 c1124 c1456 c1446 c442 c1081 c531 c1262 c1285 c167 
AndroidTVSv9
c1193 c563 c1094 c587 c26 c736 c1130 c184 c1198 c121 c1042 c1079 c664 c874 c1183 c44 c215 c834 c850 c1163 c986 c144 c956 
CurrentsXv7
c1042 c121 c1295 c1198 c533 c26 c563 c1324 c184 c955 c587 c1081 c664 c847 c679 c1094 c986 c442 c1079 c185 c454 c530 c343 c736 c653 c212 c856 c517 c215 c1446 c740 c956 c1251 c1065 c144 c641 c169 c1193 c461 c1183 c1157 c204 c675 c1124 c44 c708 c726 c76 c1194 
SitesMaxv7
c736 c1079 c184 c1042 c1094 c740 c461 c26 c955 c12 c271 c920 c121 c653 c1321 c212 c63 c383 c949 c1081 c986 c1251 c664 c587 c533 c1324 c663 c1065 c442 c1198 c530 c963 c1316 c1138 c675 c561 c1446 c343 c907 c144 c204 c1129 c499 c1169 c708 c737 c55 c185 c850 c1193 c1049 c874 c670 c1124 c179 c962 
DocsZv8
c834 c663 c144 c26 c442 c736 c587 c1183 c1094 c1193 c1042 c664 c740 c1198 c955 c708 c121 c1324 c986 c184 c1079 c799 c1383 c12 c183 c1170 c533 c270 c1124 c561 
SearchSv2
c1198 c454 c121 c368 c26 c1251 c664 c1042 c425 c1079 c736 c679 c949 c1094 c740 c533 c1183 c856 c1170 c1456 c1237 c1324 c587 c845 c461 c530 c963 c0 c1446 c343 c212 c1232 c955 c561 c337 c184 c169 c986 c653 c382 c1262 c320 c1138 c137 c63 c1295 c185 c1049 c1116 
YouTubeMaxv8
c1198 c675 c963 c738 c533 c736 c183 c1251 c955 c587 c1257 c737 c442 c26 c1081 c121 c530 c1042 c664 c1130 c1079 c986 c184 c653 c668 c551 c834 c740 c1163 c1157 c1446 c670 c1094 c185 c920 c1105 c799 c874 c531 
StadiaProv2
c1446 c398 c740 c664 c1198 c121 c1251 c44 c313 c856 c1324 c736 c1157 c668 c670 c587 c0 c1079 c1042 c1094 c185 c642 c204 c1316 c956 c184 c1163 c26 c1321 
DaydreamProv6
c1198 c121 c184 c26 c1079 c615 c55 c204 c736 c1065 c587 c1324 c1042 c740 c1237 c664 c1321 c653 c955 c1446 c212 c1169 c986 c179 c1130 c1157 c533 c185 c1094 c679 c1194 c1183 c144 c1295 c874 c343 c0 c899 c847 c1124 c215 c708 c383 c963 c1383 c675 c63 c668 c907 c512 c621 c161 c111 c1138 c949 c960 c588 c1193 
SitesProv9
c1198 c26 c670 c121 c383 c368 c664 c986 c1079 c1237 c55 c1094 c1446 c1163 c920 c736 c587 c1042 c517 c533 c184 c963 c847 c641 c530 c1324 c1124 c442 c185 c955 c1194 c740 c512 c1205 c653 c1138 c491 c320 c212 c111 c1130 
SearchNextv4
c670 c955 c653 c1183 c1079 c1198 c1446 c44 c1193 c26 c920 c664 c1065 c121 c1094 c986 c551 c641 c184 c1324 c1124 c382 c736 c642 c212 c755 c0 
VoiceXv4
c664 c1193 c845 c834 c121 c1198 c270 c442 c183 c26 c1257 c55 c1446 c1042 c184 c1456 c986 c670 c398 c955 c1079 c708 c193 c530 c1237 c587 c736 c499 c1130 c45 c1065 c653 c1094 c454 c1049 c1205 c1324 c608 c212 c185 c899 c44 c1124 c179 c850 
MapsXv8
c736 c664 c551 c1138 c1198 c530 c383 c121 c1081 c26 c1324 c1183 c740 c1237 c1193 c1094 c1042 c963 c1079 c986 c653 c1124 c955 c179 c587 c184 c1446 
DaydreamSv6
c169 c184 c121 c708 c587 c1316 c1198 c664 c1383 c920 c499 c1042 c740 c986 c533 c517 c907 c530 c26 c736 c1079 c999 c193 c461 c382 c1169 c955 c1094 c1446 c1130 c1262 c1324 c608 c653 c212 c899 c1124 c185 c1170 c1205 c834 c1065 c531 c675 c343 c1295 c1163 c1183 c1251 
SkyUltrav9
c1198 c383 c533 c1193 c641 c1042 c587 c1130 c899 c121 c1324 c530 c212 c736 c499 c1079 c367 c1065 c1094 c26 c664 c986 
FuchsiaLitev1
c1042 c1198 c920 c664 c121 c563 c1079 c26 c1094 c1324 c845 c736 c955 c0 c986 c1446 c956 c642 c491 c653 c587 c184 c1193 c1232 c1130 c185 c740 c135 c212 c530 c737 c383 c874 c1124 c1065 c701 c963 c1105 c454 
DaydreamZv6
c738 c1316 c1198 c512 c55 c26 c834 c111 c1079 c736 c461 c193 c320 c1456 c587 c121 c708 c1251 c337 c184 c664 c737 c1042 c1321 c740 c1324 c1138 c1446 c1094 c530 c183 c185 c382 c856 c1399 c1237 c653 c1163 c874 c1065 c1193 c533 c955 c986 c313 c212 c531 c1310 c1081 c0 c1169 c383 c1130 c1232 c1183 c30 c744 
ScholarZv1
c1042 c587 c121 c530 c26 c1198 c111 c1079 c454 c847 c670 c664 c955 c368 c1324 c653 c442 c949 c986 c736 c1456 c1094 c184 c1065 c561 c642 
BloggerLitev6
c1198 c121 c26 c1079 c587 c850 c551 c425 c1042 c664 c491 c663 c1262 c184 c1324 c736 c12 c1094 c1446 c949 c442 c383 c653 c212 c955 c847 
GlassOSUltrav7
c1042 c1094 c533 c111 c1170 c1157 c442 c499 c55 c41 c1198 c737 c368 c121 c26 c184 c1079 c670 c1251 c955 c642 c664 c425 c845 c736 c587 c1065 c740 c847 c1324 c675 c615 c986 c653 c551 c530 c999 c850 
StreamNextv8
c1251 c121 c587 c26 c740 c653 c1079 c986 c270 c1193 c137 c215 c664 c1198 c1257 c184 c920 c708 c144 c1042 c1324 c956 c899 c736 c76 c1094 c533 c960 c193 c530 c383 c0 c398 c955 c343 c738 c212 c1065 c1446 c1124 c531 c1456 c1130 c185 c561 c726 
GlassOSZv2
c663 c121 c1079 c533 c1198 c1262 c736 c1193 c740 c26 c530 c641 c664 c670 c1042 c587 c1251 c1094 c184 c653 c44 c204 c955 c1170 
DatasetSearchUltrav4
c1079 c12 c442 c963 c899 c1198 c517 c679 c1456 c1094 c121 c663 c1042 c1193 c184 c26 c1065 c530 c664 c313 c587 c1324 c653 c1049 c1383 c533 c642 c1205 c1446 c641 c907 c1321 c736 c740 c343 c986 c271 c383 c955 
VoiceUltrav2
c204 c1193 c999 c587 c184 c1079 c1042 c1198 c1321 c121 c664 c383 c26 c563 c736 c41 c337 c517 c1295 c1094 c179 c1324 c653 c533 c1446 c986 c850 c1183 c1251 c320 c955 c1383 c1049 c313 c851 c530 c531 c193 c1124 c740 c1065 c874 c137 c4 c1130 c812 c135 c271 c212 c834 
PhoneProv7
c949 c1079 c1198 c0 c956 c26 c184 c1232 c1065 c615 c850 c1042 c121 c1324 c587 c986 c313 c1446 c1094 c736 c653 c664 c215 c740 c212 c1193 c642 c874 
AndroidTVProv9
c179 c517 c26 c920 c1130 c1042 c121 c320 c1383 c664 c184 c1446 c642 c1094 c736 c955 c193 c587 c442 c1198 c270 c1324 c185 c986 c551 c1049 c1295 c1079 c874 c63 c12 c675 c512 c212 c530 c383 c531 c653 c1124 c1193 c44 c95 c847 
GroupsProv2
c615 c1193 c664 c121 c44 c1065 c1198 c26 c41 c1138 c1079 c55 c642 c587 c184 c1094 c179 c955 c530 c850 c679 c1130 c527 c1232 c986 c1324 c320 c204 c736 c1446 c193 c740 c367 c653 c907 c563 c1262 c668 c1042 c533 c1183 c383 c920 c812 c1081 c212 c1129 c1308 c949 c641 
ChartsLitev5
c1295 c1065 c26 c121 c920 c1079 c184 c653 c955 c1232 c1163 c1193 c1383 c736 c1094 c12 c670 c1042 c1262 c1198 c517 c499 c137 c664 c740 c1124 c899 c212 c986 c55 c587 c563 c185 c179 c668 c737 c531 c1324 c1446 c533 c608 c270 c874 c271 c144 c1157 c383 c343 c834 c368 
PhoneProv5
c368 c121 c461 c530 c1198 c1446 c1138 c512 c587 c1079 c664 c184 c955 c204 c1042 c185 c26 c736 c1324 c1094 c845 c1105 c1130 c1065 c740 c737 c533 c653 c850 c169 c183 c527 c986 c454 c1295 c1124 c343 c212 c0 c1081 c1234 c135 c642 c383 c812 c1251 c933 c55 c615 c738 c499 
StreetViewLitev5
c1198 c1042 c1079 c121 c1094 c26 c1130 c664 c955 c736 c1065 c708 c144 c653 c587 c1262 c184 c740 c1324 c382 c135 c1446 c383 c986 c668 c1081 c320 c1308 c212 c1321 c41 c530 c850 c185 c847 c1183 c343 c642 c533 c0 c963 c1049 c920 c1442 c1251 c907 c856 c874 c531 c1349 c1124 c1322 c799 
CultureLitev7
c1198 c320 c1079 c121 c533 c1065 c587 c679 c1042 c26 c708 c664 c184 c185 c736 c955 c1193 c215 c740 c1324 c512 c1130 c1446 c442 c1094 c204 c986 
GlassOSNextv9
c587 c1079 c1198 c845 c736 c121 c26 c137 c679 c664 c1321 c1094 c184 c1130 c1324 c986 c368 c740 c425 c1042 c653 c533 c1262 c193 c1446 c169 c76 c955 c1237 c530 c185 c1281 c212 c517 c1456 c442 
ChromecastNextv2
c26 c963 c642 c1324 c193 c663 c708 c1198 c343 c184 c1163 c587 c1079 c1049 c736 c121 c1194 c1251 c664 c135 c1316 c383 c874 c1042 c986 c1446 c44 c955 c45 c111 c1383 c551 c1094 c212 c1237 c530 c675 c653 c326 
ClassroomProv8
c313 c1065 c442 c653 c1170 c551 c144 c663 c1232 c530 c1081 c179 c121 c1130 c1198 c1094 c587 c1079 c615 c845 c26 c679 
WearOSMaxv1
c1198 c679 c1183 c587 c1079 c1042 c1251 c1170 c184 c920 c736 c653 c425 c1081 c1324 c955 c121 c740 c26 c563 c512 c533 c999 c212 c1094 c664 c675 c0 c933 c963 c608 c193 c668 c986 c531 c738 c185 c1130 c1446 c956 c1383 c1124 c1157 c850 c137 c68 c517 c670 c642 c1193 c530 c812 c55 c1257 c1138 c1399 c1349 c874 
SheetsZv6
c664 c491 c1262 c736 c1383 c1079 c121 c675 c670 c179 c1251 c184 c740 c1198 c1232 c26 c738 c533 c1042 c551 c587 c1183 c986 c1130 c1094 c1446 c955 c1169 c1081 c850 c212 c1124 c107 c382 c204 
BooksUltrav6
c587 c664 c1198 c26 c1042 c184 c740 c615 c383 c986 c736 c1324 c454 c121 c305 c1079 c1065 c55 c63 c212 c955 c1094 c1262 c1163 c1232 c874 c856 c512 c531 c668 c533 c1446 c675 c738 c1183 c1194 c708 c185 c1237 c834 c850 c653 c1 c343 c1170 c1308 c179 c737 c899 c641 c107 c1383 c530 c799 c907 c183 
SmartLitev2
c587 c169 c737 c121 c1198 c850 c738 c343 c949 c184 c1079 c212 c736 c1130 c608 c44 c1094 c899 c26 c740 c551 c675 c1042 c1446 c563 c1157 
VoiceLitev9
c121 c1198 c736 c738 c512 c204 c587 c184 c111 c1295 c1324 c1094 c850 c1079 c955 c1257 c1321 c12 c1042 c454 c1446 c442 c461 c1194 c663 c845 c212 c675 c343 c530 
ConnectUltrav5
c1198 c1262 c533 c736 c955 c963 c121 c454 c1232 c653 c26 c1163 c1079 c1194 c664 c184 c1094 c1324 c530 c499 c1124 c551 c587 c1193 c563 c1169 c641 c1456 c1399 c1042 
WebserverMaxv3
c1198 c512 c899 c26 c1324 c1163 c740 c664 c736 c845 c215 c193 c999 c551 c271 c1079 c668 c184 c368 c530 c587 c1399 c1232 c517 c850 c949 c1446 c183 c1130 c708 c1042 
SlidesXv7
c1262 c608 c121 c1079 c587 c653 c664 c1198 c26 c1042 c1456 c530 c179 c736 c326 c1081 c642 c1094 c899 c1193 c184 c212 c986 c1324 c963 c740 c45 c343 c1349 c1130 c1237 c169 c1446 c615 c834 c1124 c337 c955 c1065 c1281 c1049 c1205 c874 c135 c1169 c1232 c533 c111 c185 c44 c76 c383 c1257 c144 
SantaTrackerSv6
c963 c442 c641 c736 c587 c533 c1094 c1198 c999 c26 c737 c1251 c1193 c1042 c1163 c383 c121 c367 c1079 c425 c530 c1324 c1124 c653 c184 c740 c1130 c664 c215 c1446 c1383 
WebserverZv3
c1079 c271 c664 c668 c26 c1094 c847 c1198 c856 c1130 c675 c1042 c121 c1324 c907 c955 c736 c850 c587 c337 c653 c144 c533 c184 c740 c530 c1446 c383 c799 c1157 c135 c1232 c212 c55 c111 c531 c551 c1065 c204 c561 c368 c1194 c874 c708 c1138 
AndroidMaxv2
c736 c1198 c121 c26 c850 c653 c184 c615 c664 c382 c587 c955 c708 c1094 c1251 c530 c642 c1079 c0 c668 c183 c1065 c740 c608 c1042 c1124 c949 c986 c856 c1130 c383 c169 c907 c1295 c834 c1324 c1285 c215 c44 c271 
CurrentsUltrav6
c193 c1198 c454 c144 c121 c26 c1079 c0 c850 c834 c668 c563 c1042 c736 c184 c530 c587 c1094 c179 c986 c664 c874 c1324 c740 c1349 c1157 c1130 c551 c1446 c1193 c1124 c653 c949 c533 c44 c955 c185 c642 c212 c383 c313 c305 c1251 c561 c270 c442 c483 c215 c1105 c1383 c337 c1285 
MarsNextv7
c121 c587 c1257 c608 c1042 c738 c184 c1456 c1079 c664 c642 c1049 c0 c1198 c675 c834 c530 c1205 c736 c1324 c679 c949 c442 c956 c708 c1094 c740 
DataMaxv3
c121 c26 c184 c383 c1042 c920 c955 c1198 c1094 c530 c956 c664 c1383 c999 c1183 c1079 c670 c491 c44 c736 c212 c1324 c847 c834 c986 c185 c1399 
CastOSUltrav6
c907 c740 c26 c212 c1042 c799 c986 c337 c530 c1079 c955 c533 c1194 c1198 c184 c736 c920 c0 c850 c121 c137 c963 c737 c111 c1321 c664 c642 c1094 c663 c1262 c1324 c1183 c1130 c343 
SlidesMaxv6
c63 c1042 c270 c1324 c1094 c986 c1193 c121 c1079 c533 c563 c1198 c1130 c313 c185 c530 c664 c26 c368 c955 c1205 c111 c653 c212 c343 c12 c899 c850 c933 c920 c184 c1124 c442 c1138 c461 c736 c1067 c587 c44 c1157 c1285 c204 c740 c383 c1383 c738 c144 c1446 c737 c1083 c834 c45 c41 c1027 c856 c641 c179 c1321 
KeepNextv5
c313 c856 c121 c1383 c679 c641 c1251 c1042 c1324 c1446 c664 c955 c26 c1094 c1316 c1257 c1079 c184 c533 c461 c12 c1198 c1049 c530 c1193 c587 c642 c736 c653 c1237 c668 c212 c799 
ImagesNextv7
c1198 c1324 c313 c0 c26 c184 c664 c121 c587 c530 c679 c963 c1042 c337 c1163 c533 c1157 c111 c736 c368 c1257 c740 c1079 c1446 c1124 c1065 c856 c1094 c999 c394 c653 c185 c799 c1193 c1316 c563 c986 c531 c1183 c1083 c1237 c212 c63 c343 c737 c1194 c755 c955 c1130 c920 c949 c44 c1169 c527 c1027 c1110 c960 
DuoProv6
c663 c1383 c26 c587 c55 c1316 c1198 c641 c1257 c121 c215 c1079 c1124 c664 c137 c736 c955 c1456 c383 c856 c737 c668 
ChromecastNextv4
c663 c512 c1065 c215 c1251 c1198 c313 c587 c563 c121 c999 c533 c1321 c1079 c183 c1324 c517 c383 c179 c1094 c963 c368 c76 c1049 c653 c499 c169 c320 c26 c834 c1042 c184 c736 c740 c641 c955 c920 c530 c561 c1183 c0 c1232 c1194 c44 c1124 c986 c454 c1130 c212 c1446 c622 c1081 c874 c1170 c726 c1285 c343 c461 c376 
FuchsiaSv8
c1094 c1198 c1049 c1042 c664 c1065 c121 c382 c26 c670 c1079 c736 c1262 c663 c533 c185 c587 c1193 c383 c111 c847 c1324 c679 
ChromeProv4
c1198 c740 c736 c1079 c44 c121 c664 c1194 c1042 c26 c137 c1065 c587 c461 c1324 c145 c383 c184 c425 c271 c1446 c986 c1321 c955 c531 c856 c530 c874 c960 c1094 c1124 c193 c1170 c185 c850 c956 c343 c1130 c1183 c63 c907 
VoiceProv4
c121 c1198 c653 c920 c850 c26 c368 c963 c1079 c1042 c736 c1094 c664 c587 c1324 c193 c12 c184 c740 c530 c1065 c701 c986 c675 c1281 c955 c1295 c383 c343 c1446 c1383 c212 c1237 c533 c738 
SantaTrackerLitev5
c664 c530 c736 c740 c1257 c184 c1198 c320 c1456 c382 c517 c587 c799 c1183 c1042 c1193 c26 c856 c1081 c121 c551 c1079 c663 c270 c55 c1065 c653 c641 c1130 c1324 c383 c533 c608 c737 c956 c212 c1094 c874 c845 c343 c512 c955 c1194 c615 c1124 
ChromeZv7
c368 c1157 c26 c708 c1079 c856 c215 c517 c1081 c1198 c740 c587 c1130 c563 c1324 c736 c986 c121 c955 c212 c679 c1193 c184 c204 c1042 c999 c956 c454 c737 c907 c1383 c641 c135 c642 c1456 c185 c533 c383 c664 c1094 c653 c530 c1446 c899 c1399 c0 c963 c1065 c847 c920 
DrawingsUltrav1
c1321 c1295 c664 c55 c641 c530 c1456 c1237 c263 c26 c442 c587 c1042 c1198 c1079 c1251 c169 c1094 c343 c184 c551 c215 c1194 c736 c83 
AndroidUltrav5
c121 c0 c55 c1079 c1198 c1194 c26 c587 c530 c664 c1042 c1324 c184 c1094 c986 c1124 c653 c736 c740 c533 c955 c1251 c1130 c551 c1446 c1456 c185 c1129 c615 c512 
ScholarMaxv3
c121 c1324 c26 c1198 c956 c1079 c963 c137 c736 c382 c1042 c587 c530 c320 c740 c949 c454 c664 c1193 c533 c184 c1446 c398 c1183 c215 c653 c668 c212 c986 c1094 c1065 c1130 c368 c874 c1257 c425 c1124 c0 c1083 c169 c63 c343 c1237 c183 c708 c493 c1251 c955 c527 c675 c1399 
SkyUltrav1
c736 c847 c1079 c587 c1237 c1042 c530 c26 c1324 c664 c1138 c1198 c1094 c955 c899 c184 c204 c653 c986 c1194 c675 c121 c313 c135 c1193 c1446 
ArtsSv6
c1316 c1198 c563 c121 c26 c1079 c664 c587 c398 c1324 c63 c1049 c799 c740 c955 c1446 c184 c874 c530 c1042 c145 c986 c491 c551 c1065 c1130 c1094 c212 c531 c44 c899 c1251 c653 c668 c383 c1124 
ReleaseUltrav2
c184 c1079 c664 c955 c1081 c398 c1198 c0 c499 c587 c1383 c1194 c1183 c740 c121 c986 c641 c1163 c708 c1042 c1446 c382 c1324 c76 c899 
LearnNextv3
c587 c1042 c121 c668 c193 c1081 c899 c675 c1079 c664 c653 c204 c530 c26 c1198 c398 c1237 c1193 c1205 c382 c955 c499 c740 c1316 c442 c368 c1049 c135 c512 c1324 c184 c185 c212 c55 
SearchUltrav1
c653 c641 c144 c1079 c121 c425 c587 c740 c856 c26 c1316 c1094 c664 c193 c1251 c736 c12 c551 c1198 c986 c184 c337 c1456 
CodeNextv2
c920 c1065 c169 c1163 c499 c26 c1198 c121 c642 c184 c587 c1446 c1079 c664 c1324 c530 c1042 c44 c799 c856 c1130 c955 c736 c1232 
DreamUltrav3
c736 c12 c1081 c986 c1183 c1094 c587 c1079 c1198 c121 c664 c1237 c668 c137 c1324 c454 c850 c184 c383 c955 c111 c1316 c561 c533 c1042 c1193 c653 c212 c740 c999 c1349 c530 c1130 c1446 c26 c1205 c899 c1456 c675 c135 c1295 c874 c1157 c608 c760 c551 c531 c1065 c185 c0 
TranslateXv6
c664 c955 c1079 c461 c1383 c736 c799 c121 c26 c740 c1198 c184 c587 c1295 c708 c845 c1399 c1324 c1042 c530 
DataSv2
c551 c12 c653 c1262 c1042 c986 c337 c121 c1198 c137 c736 c847 c1251 c454 c26 c320 c530 c963 c1324 c664 c398 c382 c1079 c799 c587 c184 c1094 c955 c1183 c1124 c271 c1316 c874 c533 c183 c1446 c185 c527 c740 c517 c270 c212 c641 c135 c1257 c491 c675 c812 c1067 c755 c383 c368 c1130 c726 c563 c1083 
ShoppingUltrav1
c1081 c679 c1324 c1198 c587 c121 c1138 c740 c1251 c1065 c183 c320 c736 c169 c530 c1042 c1079 c1194 c664 c270 c442 c26 c184 c1094 c1446 c986 c856 c675 c185 c1321 c653 c215 c398 c212 c368 c1124 c670 c955 c383 c4 c608 c845 c343 c850 c1237 c920 c853 c874 c642 
ResearchProv3
c337 c738 c1198 c454 c1079 c1042 c587 c26 c121 c845 c320 c663 c1237 c856 c664 c1157 c1232 c184 c1324 c144 c740 c491 c736 c1130 c986 c956 c907 c955 c1094 c499 c1049 c383 c1124 c1138 c313 c653 c563 c1295 c212 c920 c1170 c137 c41 c755 c1262 c1185 c1446 c0 c530 
GameMaxv5
c736 c1198 c1163 c1042 c121 c1251 c26 c169 c1079 c740 c551 c653 c184 c986 c1183 c1321 c1138 c587 c608 c1157 c737 c899 c512 c1257 c1383 c1094 c1065 c76 c1081 c956 c63 c179 c55 c1324 c963 c530 
SearchLitev1
c740 c313 c1079 c1163 c1446 c986 c1198 c41 c1257 c1130 c179 c653 c845 c587 c26 c955 c1251 c1324 c551 c1065 c383 c337 c899 c121 c1157 c454 c920 c1193 c44 c760 c956 c305 c184 
ShoppingProv1
c1094 c204 c121 c845 c664 c26 c1324 c740 c850 c1170 c920 c533 c1183 c1079 c12 c999 c653 c986 c608 c587 c955 c1124 c1081 c1198 c1042 c736 c337 c675 c1446 c1065 c1456 c184 c212 c1205 c708 c856 c1169 c1193 c382 c0 c1295 c670 c398 c270 c899 c63 c1157 c960 c1237 c1194 c1130 c874 
TravelUltrav7
c121 c799 c587 c1198 c740 c1079 c55 c1042 c907 c608 c999 c26 c1324 c856 c185 c653 c736 c530 c615 c1321 c1183 c668 c664 c1094 c845 c675 c986 c1193 c641 c263 c169 c184 c1316 c1169 c850 c1205 c461 c212 c425 c531 c1446 c874 c0 c955 c383 c533 c960 c283 c1295 c337 c920 c144 c135 c1081 c1130 c737 c1065 
FinanceMaxv3
c41 c664 c533 c1198 c382 c1042 c736 c740 c679 c121 c587 c337 c368 c955 c1324 c986 c26 c1316 c1094 c184 c144 c1183 
BloggerProv4
c121 c664 c1138 c1081 c1042 c736 c193 c1198 c740 c949 c653 c382 c1065 c184 c383 c1094 c26 c55 c1079 c986 c343 c587 c642 c1321 c1262 c530 c1324 c185 c1124 c531 c76 c1257 c955 c1251 c1130 c44 c212 c1446 c0 c907 c668 c41 c533 c169 c663 c1193 c1308 c670 
FormsZv3
c121 c63 c664 c1198 c26 c1065 c1049 c856 c1157 c184 c850 c907 c1094 c1324 c1042 c653 c1251 c587 c1295 c1079 c68 c270 c343 c740 c999 c1193 c736 c1124 c955 c530 
TranslateSv8
c1042 c137 c1316 c499 c737 c999 c121 c1198 c530 c1079 c955 c193 c26 c343 c368 c664 c587 c738 c1324 c184 c736 c642 c740 c1094 c986 c852 c425 c1065 c76 c850 c212 c1446 c185 c641 c270 c1183 c1205 c653 c533 c1124 
WearOSMaxv2
c530 c664 c1170 c491 c1198 c1042 c382 c1163 c845 c1324 c121 c736 c653 c587 c1446 c26 c1183 c313 c641 c44 c1079 c907 c184 c955 c1281 c675 c834 c670 c1130 c212 c963 c1316 c986 c740 c1169 c1094 c144 c850 c1124 c920 c1257 c271 c461 c899 c425 c1383 c608 c708 c1262 c533 c367 c563 c1065 c642 c874 c383 c179 c185 
KeepMaxv2
c1251 c1198 c1456 c641 c736 c664 c1383 c653 c1042 c491 c121 c1079 c587 c1183 c1316 c184 c907 c383 c955 c179 c856 c740 c45 c1194 c1324 c920 c1065 c1446 c1094 c530 c799 c986 c0 c1163 c1169 c1295 c26 
PatentsNextv9
c608 c1198 c1042 c271 c184 c1446 c1079 c121 c587 c736 c270 c740 c530 c425 c368 c1083 c212 c1321 c1232 c615 c642 c955 c1094 c491 c1065 c986 c185 c1183 c1170 c737 c1324 
LearnNextv9
c956 c425 c121 c856 c664 c1083 c551 c1042 c1079 c111 c1446 c949 c1198 c533 c675 c184 c1049 c955 c999 c587 c530 c1324 c850 c737 c527 c1349 c41 c736 c55 c845 c653 c1183 c135 c270 c1094 c68 c26 c1383 c799 c986 c1124 c63 c740 c933 c1321 c531 
FinanceUltrav8
c740 c1198 c1079 c986 c313 c664 c517 c1124 c850 c121 c1083 c1094 c1042 c1163 c587 c999 c736 c26 c531 c1065 c1324 c320 c41 c1446 c530 c845 c533 c184 
PatentsNextv7
c121 c1094 c664 c531 c1251 c1049 c26 c736 c737 c1198 c899 c1042 c1079 c1446 c1324 c454 c587 c185 c184 c1237 c955 c986 c1163 c530 c1130 c44 c0 c799 c383 c193 c1308 c1124 c533 c212 c313 c343 c271 c204 c320 c1358 c653 c740 c850 c63 
GmailLitev6
c1094 c1193 c1079 c1124 c664 c1198 c1049 c1130 c587 c708 c26 c121 c41 c530 c1205 c899 c1042 c184 c834 c1027 c955 c856 c799 c491 c1170 
WebserverUltrav6
c1198 c12 c121 c1251 c1094 c1079 c184 c587 c1042 c1183 c1324 c740 c204 c44 c1193 c145 c41 c736 c675 c664 c799 c653 c26 c135 c986 c530 c368 c212 c1446 c533 c955 c1456 c668 c0 c271 
StreetViewNextv4
c517 c179 c1198 c1295 c907 c1079 c26 c461 c184 c491 c1042 c169 c215 c587 c1193 c121 c653 c1081 c563 c736 c955 c949 c1324 c1130 c1251 c1094 
PhoneUltrav7
c121 c1079 c847 c184 c1257 c664 c1446 c530 c653 c491 c1065 c708 c1042 c1324 c1163 c740 c551 c44 c955 c454 c949 c26 c587 c313 c850 c1130 c512 c383 c1285 c1138 c1094 c963 c531 c1193 c271 c856 c1049 c986 c561 c533 c641 
CurrentsLitev5
c121 c530 c679 c1042 c799 c26 c1079 c587 c736 c899 c1183 c963 c1157 c653 c1198 c986 c1094 c1324 c664 c184 c1163 c740 c1130 c955 c1170 c512 c1049 c708 c675 c0 c1138 c755 c1124 c499 c1065 c212 c856 c185 c4 c425 c382 c845 c874 c1295 
StreetViewNextv7
c533 c986 c26 c834 c1049 c1198 c736 c121 c1042 c899 c1079 c1163 c184 c183 c1094 c530 c212 c135 c664 c1138 c1194 c563 c337 c1251 c551 c740 c1183 c1446 c1065 c653 c169 c587 c907 c856 c1193 c955 c12 c1130 c531 c642 c1124 c1262 c1316 c1324 
ExploreUltrav7
c1042 c1094 c1079 c642 c1130 c641 c320 c1183 c587 c1065 c184 c1157 c1251 c1198 c26 c1262 c955 c383 c963 c185 c847 c512 c986 c121 c664 c531 c834 c212 c183 c530 c737 c382 c192 c1446 c44 c1194 
YouTubeZv3
c587 c799 c1198 c44 c121 c337 c184 c653 c204 c26 c986 c608 c856 c270 c1094 c708 c1295 c949 c847 c343 c615 c1042 c111 c1232 c920 c736 c320 c193 c1285 
BloggerLitev9
c121 c587 c1042 c26 c664 c1198 c63 c986 c271 c907 c1237 c184 c1324 c183 c955 c740 c527 c1094 c531 c850 c55 c856 c212 c561 c1130 c1065 c736 c551 c44 c663 
ConnectUltrav1
c26 c1065 c184 c551 c121 c1138 c63 c587 c1324 c615 c1198 c212 c1163 c1081 c679 c740 c44 c1042 c530 c799 c144 c850 c664 c0 c1079 c1094 c533 c398 c185 c736 c531 c383 c1049 c986 c1446 c963 c270 c956 c343 c852 
PhoneMaxv8
c670 c608 c1251 c1094 c736 c121 c551 c1198 c587 c442 c1079 c740 c1324 c137 c1042 c398 c184 c1170 c955 c26 
KeepXv8
c587 c1130 c1237 c382 c1198 c184 c425 c26 c121 c1079 c664 c1169 c736 c1251 c1262 c398 c679 c740 c551 c1042 c1324 c907 c1257 c653 c383 c1446 c845 c986 c1285 c955 c215 c517 c530 c193 c642 c738 c1094 c1065 c1124 c531 c512 c313 c343 
WebserverUltrav9
c193 c1170 c799 c920 c1183 c121 c215 c44 c1138 c1079 c1257 c184 c664 c1042 c383 c587 c955 c442 c1316 c1157 c533 c1349 c736 c847 c1198 c26 c1169 c1324 c856 c1130 c1446 c1094 c653 c531 c41 c740 c1251 c675 c454 c834 c708 c1124 c313 c111 c963 c874 c986 c1065 c185 c933 c212 c663 c726 
BloggerMaxv1
c337 c641 c1232 c442 c1157 c740 c664 c111 c26 c920 c1079 c587 c1042 c653 c736 c1321 c44 c530 c845 c184 c185 c55 c955 c1183 c1094 c963 c850 c737 c1163 c1083 
SmartZv3
c653 c1198 c847 c111 c26 c1065 c179 c533 c1324 c55 c184 c491 c736 c313 c121 c986 c740 c1079 c587 c563 c664 c271 c615 c955 c1042 c834 c933 c1262 c1094 c874 c850 c212 c1163 c755 c1130 c675 c343 c398 c326 c1183 c1124 c1169 
WebserverZv2
c121 c587 c491 c1237 c63 c1383 c563 c986 c1157 c1094 c740 c1042 c1130 c1324 c675 c212 c664 c1079 c26 c517 c955 c343 c920 c1198 c856 c368 c1446 c530 c1083 c1257 c185 c551 c653 
ScholarUltrav8
c1079 c169 c675 c184 c1198 c587 c847 c1324 c1042 c111 c121 c856 c185 c1193 c799 c26 c736 c55 c740 c1446 c367 c653 c664 
ResearchProv1
c1079 c454 c184 c587 c1324 c664 c740 c1042 c960 c530 c920 c491 c121 c736 c26 c1456 c1257 c45 c169 c212 c999 c425 c653 c708 c847 c737 
DaydreamLitev6
c899 c587 c121 c1042 c55 c1193 c664 c847 c736 c999 c111 c44 c1094 c184 c653 c834 c271 c144 c1198 c1324 c0 c675 
StorageMaxv1
c956 c1295 c615 c670 c986 c664 c121 c1251 c533 c63 c737 c736 c960 c1163 c184 c1157 c1079 c26 c1042 c587 c1198 c1094 c955 c1232 c834 c1324 c1321 c185 c530 c1183 c740 c383 c653 c1446 c1456 c531 c1083 c76 c144 c1205 c337 c212 c847 c874 c343 c987 c1065 c401 c1124 c454 c183 c0 c738 c1105 c642 c204 c963 
VideoNextv3
c121 c736 c1042 c26 c834 c587 c664 c1198 c675 c1183 c737 c642 c1079 c1324 c653 c708 c533 c740 c491 c1094 c1257 c212 c1383 c531 c55 c184 c1251 c1446 c999 c986 c1130 c1399 c800 c343 c960 c955 c899 c1065 c738 c874 c499 c799 c1124 c1388 c137 c63 c956 c337 c1081 c12 c641 c570 c1314 c670 c193 c185 c1027 c0 
DuoMaxv3
c653 c1198 c121 c1079 c517 c26 c551 c184 c0 c907 c499 c736 c1042 c1446 c111 c1324 c1183 c1094 c587 c955 c530 c664 c1383 c1049 c1456 c531 c1262 c986 c708 c675 c850 c1193 c454 c1065 c1124 c212 c740 c383 c874 c461 c343 c440 c1142 c1237 c337 c491 c1169 c608 c185 c425 
PhoneUltrav9
c1079 c26 c675 c121 c1194 c1157 c1198 c587 c1094 c1042 c834 c425 c736 c41 c850 c664 c670 c920 c184 c1324 c955 c899 c499 c1316 c737 c1065 c169 c1257 c653 c740 c212 c530 
PatentsXv6
c1081 c1198 c121 c26 c137 c1042 c664 c587 c530 c1316 c1251 c663 c1079 c1049 c834 c1094 c653 c1257 c144 c63 c1324 c736 c986 c955 c204 c740 c185 c668 
PatentsMaxv8
c26 c1042 c368 c121 c642 c740 c664 c736 c615 c383 c1094 c641 c1163 c530 c137 c1198 c653 c1170 c212 c1081 c12 c668 c184 c587 c1079 c183 c955 c1446 
SheetsProv2
c850 c442 c1094 c1042 c740 c587 c736 c512 c834 c1321 c1324 c708 c63 c1232 c1446 c1079 c641 c55 c1251 c12 c215 c263 c664 c955 c653 c668 c212 c1065 c1198 c184 c1349 c1130 c533 c121 c530 c111 
DocsSv8
c1042 c736 c563 c121 c1183 c675 c26 c856 c587 c1079 c955 c907 c491 c1251 c1094 c1198 c1324 c1295 c533 c1065 c212 c169 c45 c664 c920 c642 c963 c670 c737 c1129 c184 c899 c679 c986 c137 c530 c313 c653 c740 c949 c1262 c383 c1446 c1124 c1130 c185 c512 c4 c270 c668 c1163 
FeedBurnerMaxv5
c799 c44 c121 c337 c1157 c850 c1094 c847 c368 c587 c1383 c271 c1193 c664 c834 c26 c512 c986 c737 c184 c642 
FormsProv8
c845 c664 c144 c1198 c184 c986 c1169 c26 c320 c169 c1079 c1163 c563 c1124 c740 c425 c799 c183 c1065 c587 c212 c121 c1027 c1193 c963 c955 c675 c1456 c1194 c1042 c1094 c736 c653 c834 c1383 c1049 c663 c442 c1446 c530 c1262 c1324 c512 c343 c337 c185 c850 c670 c668 c856 c137 c44 c641 c1170 c76 c0 c987 c383 
SlidesUltrav6
c121 c1198 c587 c184 c1042 c736 c169 c664 c907 c986 c1094 c1321 c834 c653 c26 c1446 c1079 c491 c740 c461 c1065 c383 c847 c850 c670 c1257 c1124 c663 c530 c212 c1130 c193 c1295 c343 c137 c63 c398 c1183 c1169 c517 c675 c1262 c1157 c1081 c533 
AndroidAutoUltrav7
c664 c1198 c1170 c736 c1324 c121 c26 c442 c1446 c1065 c740 c454 c533 c184 c653 c986 c675 c1130 c963 c563 c1042 c587 c1094 c955 c1295 c899 c1079 c135 c1470 c491 c212 c531 c195 c1349 c530 c185 c737 c1183 c551 c738 c1124 c1316 c63 c1257 c341 c1456 c1083 c668 
ChartsLitev1
c1042 c899 c533 c1456 c179 c679 c1065 c1324 c121 c1198 c1130 c1079 c26 c193 c1049 c587 c1081 c850 c737 c736 c740 
KeepUltrav4
c847 c1193 c587 c920 c1042 c664 c986 c1198 c425 c845 c121 c1094 c530 c337 c533 c1079 c999 c1163 c343 c653 c1081 c41 c383 c1324 c740 c26 c0 c563 c949 c271 c1446 c1170 c1237 c736 c212 c313 c123 c933 
ImagesSv1
c664 c55 c668 c1193 c1321 c736 c1183 c26 c1237 c1257 c121 c955 c986 c184 c1324 c587 c1065 c270 c44 c737 c1232 c313 c530 c1198 c137 c920 c1079 c1042 c1094 c608 c1124 c615 c185 c653 c111 c1446 c383 
DuoXv4
c1094 c675 c1198 c736 c664 c587 c26 c670 c184 c641 c1295 c653 c1079 c956 c738 c1169 c1324 c1251 c986 c1042 c1257 c1138 c121 c1446 c530 c425 c1049 c999 c679 c270 c907 c1205 c740 c1399 c955 c563 c461 c212 
SheetsNextv8
c1198 c121 c587 c664 c1383 c845 c1042 c1295 c1079 c461 c1049 c1324 c986 c530 c736 c212 c653 c1193 c184 c0 c847 c551 c271 c907 c899 c1183 c1083 c1232 c1065 c26 c55 c740 c499 c169 c185 c563 c1169 c955 c737 c874 c1094 c44 c1446 c1130 c383 c343 c1124 
AlertsLitev8
c1198 c664 c184 c1251 c615 c653 c663 c1324 c845 c1094 c986 c121 c212 c587 c1130 c320 c736 c641 c670 c1042 c179 c144 c1194 c26 c963 c533 c530 c955 c642 c517 c1262 c874 c740 c850 c1446 c1193 c425 c337 c1237 c1456 c899 c383 c1079 c215 c185 c920 c987 c499 c0 c853 c847 c1163 c123 c271 c531 
MoonSv7
c1042 c1198 c986 c313 c963 c121 c512 c1081 c26 c1257 c587 c1065 c1194 c668 c1446 c1295 c1079 c664 c675 c135 c736 c204 c1094 c949 c1232 c184 c1124 c653 c343 c185 c1456 c1324 c663 c212 c383 c1163 c83 c1027 c1395 c799 c738 c530 c179 c740 c499 c76 c955 c493 c491 
AndroidAutoUltrav9
c533 c1065 c184 c740 c615 c1194 c1169 c382 c121 c517 c1198 c26 c1251 c530 c956 c193 c1205 c398 c856 c1130 c679 c1324 c907 c425 c920 
StorageXv7
c740 c1065 c1198 c963 c193 c1079 c26 c845 c313 c1094 c1130 c1262 c736 c664 c121 c1251 c587 c955 c653 c184 c668 c551 c512 c675 c1446 c949 c986 c533 c1324 c185 c531 c271 c847 c212 c899 c0 c933 c1183 c812 c1081 c563 c642 c1383 c268 c738 c1042 c1193 c343 
KeepMaxv1
c121 c26 c499 c442 c949 c204 c653 c874 c461 c491 c587 c1081 c1094 c1237 c675 c184 c1138 c708 c737 c986 c1198 c736 c1257 c670 c1163 c320 c1229 c955 c563 c740 c212 c847 c454 c664 c76 c41 c1042 c512 c63 c1079 
TranslateXv8
c850 c204 c1042 c955 c179 c137 c63 c587 c668 c1065 c1295 c708 c121 c530 c1198 c1079 c55 c737 c1170 c1094 c986 c740 c675 c184 c736 c653 c26 c664 c383 c212 c1237 c1232 c1324 c1049 c1285 c270 c874 c1358 c1316 c343 c1124 c533 c195 c933 
CalendarXv4
c653 c271 c179 c63 c1079 c184 c986 c313 c1042 c533 c1324 c587 c512 c499 c12 c383 c204 c121 c664 c847 c663 c1130 c551 c1169 c193 c740 c1198 c1446 c26 c899 c736 c442 c530 c1138 c343 c1124 c874 c670 c337 c1308 
ShortsSv9
c1446 c26 c184 c986 c1065 c491 c1094 c1198 c587 c847 c1169 c653 c383 c1042 c512 c736 c955 c1324 c1049 c1183 c121 c185 c1130 c949 c664 c845 c313 c1079 c1163 c376 c668 c799 c1399 c708 c76 c425 c533 c1285 c41 c270 c1257 c1105 c738 c1383 c755 c137 c212 c701 c827 c737 c740 c899 c963 c907 c420 c454 
AndroidXv6
c337 c1079 c121 c1198 c587 c737 c26 c184 c1324 c856 c641 c1446 c144 c533 c1094 c137 c736 c1251 c664 c1163 c531 c530 c740 c1183 c1042 c653 c847 c1232 c193 c675 c382 c899 c955 c1383 c425 c383 c1065 c185 c343 c1098 c1138 c663 c212 
PatentsMaxv4
c1198 c587 c425 c1194 c26 c121 c1262 c1324 c679 c1079 c1042 c663 c184 c212 c664 c986 c185 c653 c44 c856 c736 c738 c955 c740 c512 c313 c1295 c1446 c670 c1193 c55 c1094 c270 c454 c850 c1170 
KeepZv5
c533 c121 c834 c1383 c111 c1446 c1198 c0 c26 c204 c675 c708 c530 c1257 c587 c1321 c642 c461 c737 c1232 c184 c955 c856 c491 c517 c1169 c1094 c55 c986 c664 c920 c1042 c1065 c1124 c531 c368 c185 c1324 c1308 c383 c343 c1183 c653 c1130 c499 c668 c193 c740 c1201 
ChromecastXv8
c121 c664 c1324 c26 c0 c454 c1257 c1237 c1198 c1194 c499 c587 c663 c740 c1193 c1383 c512 c963 c1456 c337 c145 c533 c874 c1042 
PatentsXv9
c530 c1094 c1316 c1198 c179 c121 c184 c1042 c986 c26 c1163 c587 c499 c185 c63 c1079 c664 c740 c1065 c1124 c955 c1183 c343 c212 c0 c1257 
ConnectNextv5
c1295 c121 c587 c63 c530 c664 c1198 c41 c1324 c642 c55 c1446 c986 c26 c955 c1194 c1232 c215 c1042 c184 c1079 c1094 
FormsZv4
c1198 c26 c587 c1321 c121 c664 c856 c1079 c1094 c533 c41 c1129 c986 c955 c184 c663 c740 c675 c1456 c1042 c212 c1237 c949 c736 c1446 c491 c63 c1183 c1314 c1194 c454 c193 c344 c185 c530 
SmartXv9
c563 c184 c1198 c183 c121 c608 c530 c1324 c587 c111 c1130 c1042 c517 c343 c382 c1295 c26 c1232 c1079 c41 c12 c986 
ClassroomLitev4
c1198 c664 c179 c907 c121 c204 c587 c1124 c491 c740 c0 c184 c1257 c26 c653 c955 c615 c999 c382 c668 c215 c1446 c1042 
AlertsXv2
c121 c1198 c26 c1094 c184 c664 c986 c1170 c533 c708 c736 c1042 c1237 c1163 c1079 c1130 c587 c899 c1446 c383 c1324 c1194 c499 c642 c45 c169 c530 c955 c1349 c847 c1183 c0 c212 c4 c856 c740 c933 c320 c1124 c738 c185 c1065 c1201 c531 c271 c653 
DocsSv3
c845 c55 c587 c664 c653 c1042 c736 c121 c533 c1198 c398 c144 c1324 c26 c740 c1049 c1065 c615 c1094 c679 c184 c1079 c1170 
LearnLitev5
c664 c26 c1198 c587 c121 c1094 c1257 c736 c949 c398 c1324 c1183 c856 c185 c1079 c740 c1065 c382 c184 c1042 c986 c899 c1321 c1251 c461 c1262 
SitesZv6
c26 c1042 c675 c1198 c121 c850 c1324 c587 c615 c955 c184 c1446 c12 c736 c664 c1295 c653 c740 c1094 c533 c907 c1157 c641 c383 c986 c1079 
FeedBurnerXv4
c1079 c1163 c907 c737 c986 c1094 c121 c1237 c587 c551 c664 c955 c1456 c1198 c26 c845 c343 c736 c1130 c1295 c184 c530 c368 c740 c1065 c1042 c215 c679 c657 c1257 
ChartsXv8
c121 c1295 c663 c736 c737 c587 c26 c184 c664 c1094 c183 c740 c1446 c1183 c1198 c1042 c845 c1170 c1205 c850 c1163 c1157 c1079 c986 c608 
AssistantLitev6
c1237 c425 c1183 c587 c1170 c847 c1198 c121 c1324 c740 c1094 c664 c899 c184 c834 c271 c1193 c1446 c1065 c144 c986 c1194 c670 c653 c26 c737 c383 c461 c563 c1042 c337 c1079 c1251 c955 c111 c1130 
KeepZv3
c1193 c63 c1094 c204 c26 c121 c1251 c1198 c1042 c653 c425 c533 c1183 c184 c664 c737 c963 c587 c1079 c736 c670 c137 c955 c530 c454 c668 c41 c708 c185 c663 c320 c986 c313 c740 c1321 c1446 c491 c608 
SnapshotNextv3
c121 c533 c185 c1198 c111 c664 c738 c398 c1079 c642 c184 c169 c933 c1324 c736 c499 c26 c1194 c1130 c587 c1065 c1129 c653 c1042 c1094 c1124 c955 c740 c343 c1170 c212 c986 
LearnXv9
c1198 c740 c1094 c63 c1079 c26 c1138 c663 c664 c587 c1042 c708 c670 c184 c856 c874 c1157 c179 c1324 c517 c850 c1183 c368 c1130 c121 c1446 c736 c955 c135 
DrawingsMaxv3
c1198 c986 c121 c587 c184 c1042 c270 c551 c1079 c955 c1193 c1324 c1065 c737 c740 c1138 c1163 c653 c530 c45 c517 c736 c1083 c26 c1321 c799 c664 c1383 c1094 c0 c41 
DocsNextv3
c737 c736 c1257 c368 c1049 c664 c1130 c184 c1079 c899 c1198 c121 c26 c670 c1094 c530 c587 c955 c850 c1042 c212 c1324 c55 c986 c185 
ScholarLitev7
c184 c1170 c530 c653 c1094 c271 c121 c1079 c664 c736 c587 c1198 c313 c740 c1399 c1446 c44 c382 c1232 c1042 c26 c986 c955 c533 c960 c531 c55 c1324 c1194 c63 c1130 c675 c1163 c512 c1124 c185 c1193 c1281 c701 c1049 c343 c1083 c1142 
SnapshotXv3
c121 c1198 c1042 c184 c26 c1324 c533 c1193 c1170 c664 c382 c1094 c587 c907 c663 c670 c736 c193 c55 c0 c212 c955 c653 c999 c1251 c313 c1316 c1083 c1027 c135 c740 c1079 c76 c845 c1163 c12 
DataSv6
c368 c44 c271 c641 c736 c533 c1183 c320 c737 c1157 c1324 c587 c740 c1042 c664 c1198 c1456 c461 c26 c184 
BuildXv9
c44 c0 c26 c461 c121 c642 c664 c1262 c955 c320 c653 c1316 c215 c1383 c1042 c1079 c986 c740 c834 c1198 c563 c675 c184 c1446 c736 c383 c1065 c1094 c670 c1324 c111 c1083 c343 c212 
151
