0
76
MarsUltrav4
PhilippY SergeyA TatiyanaT BenjaminY PetarG TatiyanaC StepanU MichalQ PhilippE LarryG ClementV MichalF SusanC BakhodirB PetarA ClementX RuthP 
DataNextv9
ClementO SergeyR HiroshiI JenE PrzemekM FionaZ JenF StepanK PrzemekH BenjaminR LarryZ TatiyanaI NellyU SergeyA PrzemekW HiroshiD PetarV BenjaminY SergeyQ SergeyK LarryD TatiyanaX PhilippC JenS ThomasI 
ScholarXv6
SundarD StefanK PrabhakarC LarryJ RuthB SundarA RuthF JenL MatasK BakhodirG JenR TatiyanaP 
StorageSv6
SundarM TatiyanaT StefanA PrabhakarL BakhodirO RuthB StefanM RuthQ JenI StefanY FionaK HiroshiW PetarI FionaH JenE MaxK LarryW TatiyanaI FionaT SergeyK MichalW 
ChatLitev6
NellyV MaxM NellyD ClementI ThomasO StefanH ThomasE PrabhakarB PetarJ SusanY StepanK LarryC 
FormsUltrav3
ThomasL MatasF HiroshiI NellyU StepanG PetarN TatiyanaA MichalW 
ChartsMaxv5
HiroshiR StefanY MichalY SusanK FionaT 
ReleaseLitev7
RuthT SergeyW FionaV MaxO 
PatentsMaxv2
PhilippO NellyU MatasR MatasP TatiyanaO RuthJ MichalV BakhodirG ThomasE LarryC 
DuoMaxv1
BenjaminL PetarJ MaxF BenjaminG TatiyanaT LarryD ClementV NellyD MatasY SergeyR 
AndroidTVLitev7
StepanJ LarryO JenE ThomasI MatasH NellyM BakhodirM PrzemekM StefanA 
FinanceMaxv7
LarryN StepanU HiroshiL ThomasT SusanT 
DaydreamMaxv4
ThomasQ 
ClassroomSv2
RuthX 
MoonUltrav4
LarryN 
FuchsiaProv7
BenjaminJ ClementI BakhodirQ 
SlidesProv5
SergeyQ LarryZ 
SantaTrackerProv9
PrzemekV 
CollectionsUltrav9
StefanK SundarA 
TravelUltrav3
PetarR JenE 
CastOSSv6
SusanH HiroshiI HiroshiT 
ScholarSv9
ThomasD ClementX BakhodirM SergeyR MaxB SergeyJ StefanU PrzemekU ThomasN SusanK FionaZ 
ChromeLitev4
LarryU MichalY PrabhakarA 
CodeZv4
SusanR BenjaminR 
CurrentsXv1
BakhodirF 
SkyProv4
MichalZ ThomasQ 
KeepNextv4
PrabhakarN 
GroupsZv8
BakhodirL PetarI TatiyanaC MichalV ThomasE 
CalendarLitev5
ThomasN TatiyanaO PrabhakarB BakhodirA 
DataSv9
FionaK RuthF TatiyanaX MaxA PrabhakarA SundarX BenjaminN TatiyanaG BakhodirD PhilippJ 
SearchUltrav8
SergeyG PhilippI HiroshiL 
ConnectXv3
StefanG 
SkyZv5
SundarM 
KeepXv1
PrabhakarA 
CurrentsProv2
StepanJ 
DatasetSearchLitev6
PrzemekP MaxA BenjaminJ ClementJ TatiyanaC SundarI PhilippK PetarN HiroshiM 
StreetViewXv9
ThomasN StefanX MaxH ThomasU NellyI 
AssistantMaxv9
ThomasQ 
NewsXv5
SundarV PrzemekH 
MapsNextv5
PrzemekR FionaZ 
TravelProv6
PhilippJ 
ClassroomXv9
LarryG StepanK 
BloggerProv2
ThomasD FionaV SundarM 
LearnProv8
JenI 
PixelProv1
MatasF 
StreetViewXv2
StepanJ PrzemekF PetarM 
SheetsZv4
RuthF PrabhakarN 
BuildProv1
TatiyanaT 
TravelZv6
ThomasL PetarA LarryI NellyI NellyC PrzemekF 
DatasetSearchXv2
MaxZ PrzemekM StefanK StefanA SundarX SusanD 
CurrentsProv7
SusanT 
NewsMaxv1
TatiyanaT 
LoggingXv4
SergeyJ BakhodirF MaxK 
CollectionsProv5
HiroshiT SundarD MaxE 
FinanceXv5
ClementV 
ScholarZv1
SusanR MichalQ PrzemekP LarryU 
DocsUltrav2
BakhodirB NellyM BakhodirQ NellyW PrzemekM PrabhakarM FionaA JenL 
StreetViewMaxv8
PetarA 
AndroidAutoZv1
PetarV HiroshiL 
ConnectLitev9
SundarM 
FeedBurnerLitev8
SundarX BenjaminL PrabhakarE 
MoonXv3
SergeyY PetarM 
VoiceZv6
HiroshiQ HiroshiL 
BloggerProv9
ThomasE 
ArtsNextv5
StepanD HiroshiQ ClementJ TatiyanaG FionaA TatiyanaC TatiyanaB RuthO FionaT StefanG 
DocsXv8
SusanC PrzemekF BakhodirG SergeyL SergeyQ MatasK NellyD PetarM LarryC MatasS PrzemekW MichalM JenQ NellyG TatiyanaJ SergeyJ ClementX PetarN SusanY SundarX ThomasT SusanK StefanK PrabhakarE 
PixelXv7
PhilippJ NellyD TatiyanaJ StepanG 
StorageNextv9
BenjaminD NellyV PhilippK SergeyY PetarV ThomasI BenjaminV StepanW StepanK MaxE BenjaminY 
PixelSv6
PrzemekF ThomasN SundarM 
DreamNextv6
PrzemekC StepanU StefanA PrzemekP MatasY 
FeedBurnerProv6
SusanR NellyI BakhodirD SergeyY BakhodirA 
StadiaProv5
HiroshiD MaxA FionaA 
ShoppingUltrav9
TatiyanaJ FionaV JenQ RuthO 
WebserverProv7
MatasK MatasF 
BuildUltrav6
PhilippK MaxE BakhodirG SundarV 
ReleaseXv3
StepanD NellyC 
0
